<?xml version="1.0" encoding="UTF-8"?>
<robot generator="Robot 6.0.1 (Python 3.11.1 on win32)" generated="20221230 10:02:22.392" rpa="false" schemaversion="3">
<suite id="s1" name="testDemo1" source="C:\Users\dti Digital\PycharmProjects\robotFramework\tests\testDemo1.robot">
<test id="s1-t1" name="Validate Unsucessful Login" line="16">
<kw name="Open the browser with the Mortgage payment url">
<kw name="Create Webdriver" library="SeleniumLibrary">
<arg>Chrome</arg>
<arg>executable_path=./webdriver/chrome/chromedriver.exe</arg>
<doc>Creates an instance of Selenium WebDriver.</doc>
<msg timestamp="20221230 10:02:22.645" level="INFO">Creating an instance of the Chrome WebDriver.</msg>
<status status="PASS" starttime="20221230 10:02:22.645" endtime="20221230 10:02:23.814"/>
</kw>
<kw name="Go To" library="SeleniumLibrary">
<arg>https://rahulshettyacademy.com/loginpagePractise/</arg>
<doc>Navigates the current browser window to the provided ``url``.</doc>
<msg timestamp="20221230 10:02:23.814" level="INFO">Opening url 'https://rahulshettyacademy.com/loginpagePractise/'</msg>
<status status="PASS" starttime="20221230 10:02:23.814" endtime="20221230 10:02:25.938"/>
</kw>
<status status="PASS" starttime="20221230 10:02:22.645" endtime="20221230 10:02:25.939"/>
</kw>
<kw name="Fill the login Form">
<kw name="Input Text" library="SeleniumLibrary">
<arg>id:username</arg>
<arg>rahulshettyacademy</arg>
<doc>Types the given ``text`` into the text field identified by ``locator``.</doc>
<msg timestamp="20221230 10:02:25.940" level="INFO">Typing text 'rahulshettyacademy' into text field 'id:username'.</msg>
<status status="PASS" starttime="20221230 10:02:25.939" endtime="20221230 10:02:26.005"/>
</kw>
<kw name="Input Password" library="SeleniumLibrary">
<arg>id:password</arg>
<arg>12345678</arg>
<doc>Types the given password into the text field identified by ``locator``.</doc>
<msg timestamp="20221230 10:02:26.005" level="INFO">Typing password into text field 'id:password'.</msg>
<msg timestamp="20221230 10:02:26.033" level="INFO">Temporally setting log level to: NONE</msg>
<msg timestamp="20221230 10:02:26.064" level="INFO">Log level changed from NONE to INFO.</msg>
<status status="PASS" starttime="20221230 10:02:26.005" endtime="20221230 10:02:26.064"/>
</kw>
<kw name="Click Button" library="SeleniumLibrary">
<arg>signInBtn</arg>
<doc>Clicks the button identified by ``locator``.</doc>
<msg timestamp="20221230 10:02:26.064" level="INFO">Clicking button 'signInBtn'.</msg>
<status status="PASS" starttime="20221230 10:02:26.064" endtime="20221230 10:02:26.103"/>
</kw>
<status status="PASS" starttime="20221230 10:02:25.939" endtime="20221230 10:02:26.104"/>
</kw>
<kw name="Wait until it checks and display error message">
<kw name="Wait Until Element Is Visible" library="SeleniumLibrary">
<arg>${Error_Message_Login}</arg>
<doc>Waits until the element ``locator`` is visible.</doc>
<status status="PASS" starttime="20221230 10:02:26.104" endtime="20221230 10:02:28.244"/>
</kw>
<status status="PASS" starttime="20221230 10:02:26.104" endtime="20221230 10:02:28.244"/>
</kw>
<kw name="Verify error message is correct">
<kw name="Get Text" library="SeleniumLibrary">
<var>${result}</var>
<arg>css:.alert-danger</arg>
<doc>Returns the text value of the element identified by ``locator``.</doc>
<msg timestamp="20221230 10:02:28.261" level="INFO">${result} = Incorrect username/password.</msg>
<status status="PASS" starttime="20221230 10:02:28.244" endtime="20221230 10:02:28.261"/>
</kw>
<kw name="Should Be Equal As Strings" library="BuiltIn">
<arg>${result}</arg>
<arg>Incorrect username/password.</arg>
<doc>Fails if objects are unequal after converting them to strings.</doc>
<status status="PASS" starttime="20221230 10:02:28.261" endtime="20221230 10:02:28.261"/>
</kw>
<kw name="Element Text Should Be" library="SeleniumLibrary">
<arg>${Error_Message_Login}</arg>
<arg>Incorrect username/password.</arg>
<doc>Verifies that element ``locator`` contains exact the text ``expected``.</doc>
<msg timestamp="20221230 10:02:28.261" level="INFO">Verifying element 'css:.alert-danger' contains exact text 'Incorrect username/password.'.</msg>
<status status="PASS" starttime="20221230 10:02:28.261" endtime="20221230 10:02:28.271"/>
</kw>
<status status="PASS" starttime="20221230 10:02:28.244" endtime="20221230 10:02:28.271"/>
</kw>
<kw name="Close Browser" library="SeleniumLibrary" type="TEARDOWN">
<doc>Closes the current browser.</doc>
<status status="PASS" starttime="20221230 10:02:28.271" endtime="20221230 10:02:30.577"/>
</kw>
<status status="PASS" starttime="20221230 10:02:22.644" endtime="20221230 10:02:30.578"/>
</test>
<doc>To validate the Login form</doc>
<status status="PASS" starttime="20221230 10:02:22.395" endtime="20221230 10:02:30.579"/>
</suite>
<statistics>
<total>
<stat pass="1" fail="0" skip="0">All Tests</stat>
</total>
<tag>
</tag>
<suite>
<stat pass="1" fail="0" skip="0" id="s1" name="testDemo1">testDemo1</stat>
</suite>
</statistics>
<errors>
</errors>
</robot>
