<?xml version="1.0" encoding="UTF-8"?>
<robot generator="Robot 6.0.1 (Python 3.11.1 on win32)" generated="20221230 10:59:59.217" rpa="false" schemaversion="3">
<suite id="s1" name="testDemo2" source="C:\Users\dti Digital\PycharmProjects\robotFramework\tests\testDemo2.robot">
<test id="s1-t1" name="Validate Unsucessful Login" line="18">
<kw name="Open the browser with the Mortgage payment url" library="resource" type="SETUP">
<kw name="Create Webdriver" library="SeleniumLibrary">
<arg>Chrome</arg>
<arg>executable_path=./webdriver/chrome/chromedriver.exe</arg>
<doc>Creates an instance of Selenium WebDriver.</doc>
<msg timestamp="20221230 10:59:59.484" level="INFO">Creating an instance of the Chrome WebDriver.</msg>
<status status="PASS" starttime="20221230 10:59:59.483" endtime="20221230 11:00:00.824"/>
</kw>
<kw name="Go To" library="SeleniumLibrary">
<arg>${url}</arg>
<doc>Navigates the current browser window to the provided ``url``.</doc>
<msg timestamp="20221230 11:00:00.824" level="INFO">Opening url 'https://rahulshettyacademy.com/loginpagePractise/'</msg>
<status status="PASS" starttime="20221230 11:00:00.824" endtime="20221230 11:00:02.112"/>
</kw>
<status status="PASS" starttime="20221230 10:59:59.483" endtime="20221230 11:00:02.112"/>
</kw>
<kw name="Open the browser with the Mortgage payment url" library="resource">
<kw name="Create Webdriver" library="SeleniumLibrary">
<arg>Chrome</arg>
<arg>executable_path=./webdriver/chrome/chromedriver.exe</arg>
<doc>Creates an instance of Selenium WebDriver.</doc>
<msg timestamp="20221230 11:00:02.113" level="INFO">Creating an instance of the Chrome WebDriver.</msg>
<status status="PASS" starttime="20221230 11:00:02.113" endtime="20221230 11:00:03.335"/>
</kw>
<kw name="Go To" library="SeleniumLibrary">
<arg>${url}</arg>
<doc>Navigates the current browser window to the provided ``url``.</doc>
<msg timestamp="20221230 11:00:03.335" level="INFO">Opening url 'https://rahulshettyacademy.com/loginpagePractise/'</msg>
<status status="PASS" starttime="20221230 11:00:03.335" endtime="20221230 11:00:04.730"/>
</kw>
<status status="PASS" starttime="20221230 11:00:02.113" endtime="20221230 11:00:04.730"/>
</kw>
<kw name="Fill the login Form">
<kw name="Input Text" library="SeleniumLibrary">
<arg>id:username</arg>
<arg>${user_name}</arg>
<doc>Types the given ``text`` into the text field identified by ``locator``.</doc>
<msg timestamp="20221230 11:00:04.731" level="INFO">Typing text 'rahulshettyacademy' into text field 'id:username'.</msg>
<status status="PASS" starttime="20221230 11:00:04.731" endtime="20221230 11:00:04.802"/>
</kw>
<kw name="Input Password" library="SeleniumLibrary">
<arg>id:password</arg>
<arg>${invalid_password}</arg>
<doc>Types the given password into the text field identified by ``locator``.</doc>
<msg timestamp="20221230 11:00:04.803" level="INFO">Typing password into text field 'id:password'.</msg>
<msg timestamp="20221230 11:00:04.838" level="INFO">Temporally setting log level to: NONE</msg>
<msg timestamp="20221230 11:00:04.868" level="INFO">Log level changed from NONE to INFO.</msg>
<status status="PASS" starttime="20221230 11:00:04.803" endtime="20221230 11:00:04.868"/>
</kw>
<kw name="Click Button" library="SeleniumLibrary">
<arg>signInBtn</arg>
<doc>Clicks the button identified by ``locator``.</doc>
<msg timestamp="20221230 11:00:04.869" level="INFO">Clicking button 'signInBtn'.</msg>
<status status="PASS" starttime="20221230 11:00:04.868" endtime="20221230 11:00:04.914"/>
</kw>
<status status="PASS" starttime="20221230 11:00:04.730" endtime="20221230 11:00:04.914"/>
</kw>
<kw name="Wait until it checks and display error message">
<kw name="Wait Until Element Is Visible" library="SeleniumLibrary">
<arg>${Error_Message_Login}</arg>
<doc>Waits until the element ``locator`` is visible.</doc>
<status status="PASS" starttime="20221230 11:00:04.915" endtime="20221230 11:00:07.063"/>
</kw>
<status status="PASS" starttime="20221230 11:00:04.914" endtime="20221230 11:00:07.063"/>
</kw>
<kw name="Verify error message is correct">
<kw name="Get Text" library="SeleniumLibrary">
<var>${result}</var>
<arg>css:.alert-danger</arg>
<doc>Returns the text value of the element identified by ``locator``.</doc>
<msg timestamp="20221230 11:00:07.079" level="INFO">${result} = Incorrect username/password.</msg>
<status status="PASS" starttime="20221230 11:00:07.064" endtime="20221230 11:00:07.079"/>
</kw>
<kw name="Should Be Equal As Strings" library="BuiltIn">
<arg>${result}</arg>
<arg>Incorrect username/password.</arg>
<doc>Fails if objects are unequal after converting them to strings.</doc>
<status status="PASS" starttime="20221230 11:00:07.080" endtime="20221230 11:00:07.080"/>
</kw>
<kw name="Element Text Should Be" library="SeleniumLibrary">
<arg>${Error_Message_Login}</arg>
<arg>Incorrect username/password.</arg>
<doc>Verifies that element ``locator`` contains exact the text ``expected``.</doc>
<msg timestamp="20221230 11:00:07.080" level="INFO">Verifying element 'css:.alert-danger' contains exact text 'Incorrect username/password.'.</msg>
<status status="PASS" starttime="20221230 11:00:07.080" endtime="20221230 11:00:07.090"/>
</kw>
<status status="PASS" starttime="20221230 11:00:07.064" endtime="20221230 11:00:07.090"/>
</kw>
<kw name="Close Browser Session" library="resource" type="TEARDOWN">
<kw name="Close Browser" library="SeleniumLibrary">
<doc>Closes the current browser.</doc>
<status status="PASS" starttime="20221230 11:00:07.091" endtime="20221230 11:00:09.518"/>
</kw>
<status status="PASS" starttime="20221230 11:00:07.090" endtime="20221230 11:00:09.518"/>
</kw>
<status status="PASS" starttime="20221230 10:59:59.483" endtime="20221230 11:00:09.518"/>
</test>
<doc>To validate the Login form</doc>
<status status="PASS" starttime="20221230 10:59:59.220" endtime="20221230 11:00:09.519"/>
</suite>
<statistics>
<total>
<stat pass="1" fail="0" skip="0">All Tests</stat>
</total>
<tag>
</tag>
<suite>
<stat pass="1" fail="0" skip="0" id="s1" name="testDemo2">testDemo2</stat>
</suite>
</statistics>
<errors>
</errors>
</robot>
