<?xml version="1.0" encoding="UTF-8"?>
<robot generator="Robot 6.0.1 (Python 3.11.1 on win32)" generated="20221229 21:15:23.513" rpa="false" schemaversion="3">
<suite id="s1" name="testDemo1" source="C:\Users\dti Digital\PycharmProjects\robotFramework\tests\testDemo1.robot">
<test id="s1-t1" name="Validate Unsucessful Login" line="12">
<kw name="Open the browser with the Mortgage payment url">
<kw name="Create Webdriver" library="SeleniumLibrary">
<arg>Chrome</arg>
<arg>executable_path=./webdriver/chrome/chromedriver.exe</arg>
<doc>Creates an instance of Selenium WebDriver.</doc>
<msg timestamp="20221229 21:15:23.756" level="INFO">Creating an instance of the Chrome WebDriver.</msg>
<status status="PASS" starttime="20221229 21:15:23.756" endtime="20221229 21:15:25.246"/>
</kw>
<kw name="Go To" library="SeleniumLibrary">
<arg>https://rahulshettyacademy.com/loginpagePractise/</arg>
<doc>Navigates the current browser window to the provided ``url``.</doc>
<msg timestamp="20221229 21:15:25.246" level="INFO">Opening url 'https://rahulshettyacademy.com/loginpagePractise/'</msg>
<status status="PASS" starttime="20221229 21:15:25.246" endtime="20221229 21:15:26.586"/>
</kw>
<status status="PASS" starttime="20221229 21:15:23.756" endtime="20221229 21:15:26.586"/>
</kw>
<kw name="Fill the login Form">
<kw name="Input Text" library="SeleniumLibrary">
<arg>id:username</arg>
<arg>rahulshettyacademy</arg>
<doc>Types the given ``text`` into the text field identified by ``locator``.</doc>
<msg timestamp="20221229 21:15:26.588" level="INFO">Typing text 'rahulshettyacademy' into text field 'id:username'.</msg>
<status status="PASS" starttime="20221229 21:15:26.586" endtime="20221229 21:15:26.658"/>
</kw>
<kw name="Input Password" library="SeleniumLibrary">
<arg>id:password</arg>
<arg>12345678</arg>
<doc>Types the given password into the text field identified by ``locator``.</doc>
<msg timestamp="20221229 21:15:26.659" level="INFO">Typing password into text field 'id:password'.</msg>
<msg timestamp="20221229 21:15:26.688" level="INFO">Temporally setting log level to: NONE</msg>
<msg timestamp="20221229 21:15:26.719" level="INFO">Log level changed from NONE to INFO.</msg>
<status status="PASS" starttime="20221229 21:15:26.659" endtime="20221229 21:15:26.719"/>
</kw>
<kw name="Click Button" library="SeleniumLibrary">
<arg>signInBtn</arg>
<doc>Clicks the button identified by ``locator``.</doc>
<msg timestamp="20221229 21:15:26.719" level="INFO">Clicking button 'signInBtn'.</msg>
<status status="PASS" starttime="20221229 21:15:26.719" endtime="20221229 21:15:26.763"/>
</kw>
<status status="PASS" starttime="20221229 21:15:26.586" endtime="20221229 21:15:26.763"/>
</kw>
<kw name="Wait until it checks and display error message">
<kw name="Wait Until Element Is Visible" library="SeleniumLibrary">
<arg>css:.alert-danger</arg>
<doc>Waits until the element ``locator`` is visible.</doc>
<status status="PASS" starttime="20221229 21:15:26.763" endtime="20221229 21:15:28.941"/>
</kw>
<status status="PASS" starttime="20221229 21:15:26.763" endtime="20221229 21:15:28.941"/>
</kw>
<kw name="Verify error message is correct">
<kw name="Get Text" library="SeleniumLibrary">
<var>${result}</var>
<arg>css:.alert-danger</arg>
<doc>Returns the text value of the element identified by ``locator``.</doc>
<msg timestamp="20221229 21:15:28.955" level="INFO">${result} = Incorrect username/password.</msg>
<status status="PASS" starttime="20221229 21:15:28.941" endtime="20221229 21:15:28.955"/>
</kw>
<kw name="Should Be Equal As Strings" library="BuiltIn">
<arg>${result}</arg>
<arg>Incorrect username/password.</arg>
<doc>Fails if objects are unequal after converting them to strings.</doc>
<status status="PASS" starttime="20221229 21:15:28.955" endtime="20221229 21:15:28.955"/>
</kw>
<status status="PASS" starttime="20221229 21:15:28.941" endtime="20221229 21:15:28.955"/>
</kw>
<status status="PASS" starttime="20221229 21:15:23.755" endtime="20221229 21:15:28.956"/>
</test>
<doc>To validate the Login form</doc>
<status status="PASS" starttime="20221229 21:15:23.516" endtime="20221229 21:15:28.956"/>
</suite>
<statistics>
<total>
<stat pass="1" fail="0" skip="0">All Tests</stat>
</total>
<tag>
</tag>
<suite>
<stat pass="1" fail="0" skip="0" id="s1" name="testDemo1">testDemo1</stat>
</suite>
</statistics>
<errors>
<msg timestamp="20221229 21:15:23.508" level="ERROR">Error in file 'C:\Users\dti Digital\PycharmProjects\robotFramework\tests\testDemo1.robot' on line 8: Setting 'Documentation' is allowed only once. Only the first value is used.</msg>
</errors>
</robot>
