<?xml version="1.0" encoding="UTF-8"?>
<robot generator="Robot 6.0.1 (Python 3.11.1 on win32)" generated="20230102 09:43:37.754" rpa="false" schemaversion="3">
<suite id="s1" name="testDemo2" source="C:\Users\dti Digital\PycharmProjects\robotFramework\tests\testDemo2.robot">
<test id="s1-t1" name="Validate Cards display in the Shopping Page" line="26">
<kw name="Open the browser with the Mortgage payment url" library="resource" type="SETUP">
<kw name="Create Webdriver" library="SeleniumLibrary">
<arg>Chrome</arg>
<arg>executable_path=./webdriver/chrome/chromedriver.exe</arg>
<doc>Creates an instance of Selenium WebDriver.</doc>
<msg timestamp="20230102 09:43:38.004" level="INFO">Creating an instance of the Chrome WebDriver.</msg>
<status status="PASS" starttime="20230102 09:43:38.003" endtime="20230102 09:43:39.238"/>
</kw>
<kw name="Go To" library="SeleniumLibrary">
<arg>${url}</arg>
<doc>Navigates the current browser window to the provided ``url``.</doc>
<msg timestamp="20230102 09:43:39.238" level="INFO">Opening url 'https://rahulshettyacademy.com/loginpagePractise/'</msg>
<status status="PASS" starttime="20230102 09:43:39.238" endtime="20230102 09:43:40.362"/>
</kw>
<status status="PASS" starttime="20230102 09:43:38.003" endtime="20230102 09:43:40.362"/>
</kw>
<kw name="Fill the login Form">
<arg>${user_name}</arg>
<arg>${valid_password}</arg>
<kw name="Input Text" library="SeleniumLibrary">
<arg>id:username</arg>
<arg>${username}</arg>
<doc>Types the given ``text`` into the text field identified by ``locator``.</doc>
<msg timestamp="20230102 09:43:40.363" level="INFO">Typing text 'rahulshettyacademy' into text field 'id:username'.</msg>
<status status="PASS" starttime="20230102 09:43:40.363" endtime="20230102 09:43:40.433"/>
</kw>
<kw name="Input Password" library="SeleniumLibrary">
<arg>id:password</arg>
<arg>${password}</arg>
<doc>Types the given password into the text field identified by ``locator``.</doc>
<msg timestamp="20230102 09:43:40.434" level="INFO">Typing password into text field 'id:password'.</msg>
<msg timestamp="20230102 09:43:40.462" level="INFO">Temporally setting log level to: NONE</msg>
<msg timestamp="20230102 09:43:40.496" level="INFO">Log level changed from NONE to INFO.</msg>
<status status="PASS" starttime="20230102 09:43:40.433" endtime="20230102 09:43:40.496"/>
</kw>
<kw name="Click Button" library="SeleniumLibrary">
<arg>signInBtn</arg>
<doc>Clicks the button identified by ``locator``.</doc>
<msg timestamp="20230102 09:43:40.496" level="INFO">Clicking button 'signInBtn'.</msg>
<status status="PASS" starttime="20230102 09:43:40.496" endtime="20230102 09:43:40.538"/>
</kw>
<status status="PASS" starttime="20230102 09:43:40.363" endtime="20230102 09:43:40.538"/>
</kw>
<kw name="Wait until it Element is located in the page">
<arg>${Shop_Page_Load}</arg>
<kw name="Wait Until Element Is Visible" library="SeleniumLibrary">
<arg>${element}</arg>
<doc>Waits until the element ``locator`` is visible.</doc>
<status status="PASS" starttime="20230102 09:43:40.539" endtime="20230102 09:43:45.594"/>
</kw>
<status status="PASS" starttime="20230102 09:43:40.539" endtime="20230102 09:43:45.594"/>
</kw>
<kw name="Verify Card Titles In The Shop Page">
<kw name="Create List" library="BuiltIn">
<var>@{expectedList}</var>
<arg>iphone X</arg>
<arg>Samsung Note 8</arg>
<arg>Nokia Edge</arg>
<arg>Blackberry</arg>
<doc>Returns a list containing given items.</doc>
<msg timestamp="20230102 09:43:45.594" level="INFO">@{expectedList} = [ iphone X | Samsung Note 8 | Nokia Edge | Blackberry ]</msg>
<status status="PASS" starttime="20230102 09:43:45.594" endtime="20230102 09:43:45.594"/>
</kw>
<kw name="Get WebElements" library="SeleniumLibrary">
<var>${elements}</var>
<arg>css:.card-title</arg>
<doc>Returns a list of WebElement objects matching the ``locator``.</doc>
<msg timestamp="20230102 09:43:45.602" level="INFO">${elements} = [&lt;selenium.webdriver.remote.webelement.WebElement (session="927b4a1f1ab9767d42e76908c2ef9e36", element="8b36bb3f-371b-416e-b160-3050c35148bd")&gt;, &lt;selenium.webdriver.remote.webelement.WebElement (sessi...</msg>
<status status="PASS" starttime="20230102 09:43:45.594" endtime="20230102 09:43:45.602"/>
</kw>
<kw name="Create List" library="BuiltIn">
<var>@{actualList}</var>
<doc>Returns a list containing given items.</doc>
<msg timestamp="20230102 09:43:45.603" level="INFO">@{actualList} = [ ]</msg>
<status status="PASS" starttime="20230102 09:43:45.602" endtime="20230102 09:43:45.603"/>
</kw>
<for flavor="IN">
<var>${element}</var>
<value>@{elements}</value>
<iter>
<var name="${element}">&lt;selenium.webdriver.remote.webelement.WebElement (session="927b4a1f1ab9767d42e76908c2ef9e36", element="8b36bb3f-371b-416e-b160-3050c35148bd")&gt;</var>
<kw name="Log" library="BuiltIn">
<arg>${element.text}</arg>
<doc>Logs the given message with the given level.</doc>
<msg timestamp="20230102 09:43:45.611" level="INFO">iphone X</msg>
<status status="PASS" starttime="20230102 09:43:45.603" endtime="20230102 09:43:45.611"/>
</kw>
<kw name="Append To List" library="Collections">
<arg>${actualList}</arg>
<arg>${element.text}</arg>
<doc>Adds ``values`` to the end of ``list``.</doc>
<status status="PASS" starttime="20230102 09:43:45.611" endtime="20230102 09:43:45.618"/>
</kw>
<status status="PASS" starttime="20230102 09:43:45.603" endtime="20230102 09:43:45.618"/>
</iter>
<iter>
<var name="${element}">&lt;selenium.webdriver.remote.webelement.WebElement (session="927b4a1f1ab9767d42e76908c2ef9e36", element="4cb46dc8-6194-49ed-b4be-19810253141f")&gt;</var>
<kw name="Log" library="BuiltIn">
<arg>${element.text}</arg>
<doc>Logs the given message with the given level.</doc>
<msg timestamp="20230102 09:43:45.627" level="INFO">Samsung Note 8</msg>
<status status="PASS" starttime="20230102 09:43:45.618" endtime="20230102 09:43:45.628"/>
</kw>
<kw name="Append To List" library="Collections">
<arg>${actualList}</arg>
<arg>${element.text}</arg>
<doc>Adds ``values`` to the end of ``list``.</doc>
<status status="PASS" starttime="20230102 09:43:45.628" endtime="20230102 09:43:45.635"/>
</kw>
<status status="PASS" starttime="20230102 09:43:45.618" endtime="20230102 09:43:45.635"/>
</iter>
<iter>
<var name="${element}">&lt;selenium.webdriver.remote.webelement.WebElement (session="927b4a1f1ab9767d42e76908c2ef9e36", element="669d598e-ef12-4429-a689-45997c70b91b")&gt;</var>
<kw name="Log" library="BuiltIn">
<arg>${element.text}</arg>
<doc>Logs the given message with the given level.</doc>
<msg timestamp="20230102 09:43:45.644" level="INFO">Nokia Edge</msg>
<status status="PASS" starttime="20230102 09:43:45.635" endtime="20230102 09:43:45.644"/>
</kw>
<kw name="Append To List" library="Collections">
<arg>${actualList}</arg>
<arg>${element.text}</arg>
<doc>Adds ``values`` to the end of ``list``.</doc>
<status status="PASS" starttime="20230102 09:43:45.644" endtime="20230102 09:43:45.649"/>
</kw>
<status status="PASS" starttime="20230102 09:43:45.635" endtime="20230102 09:43:45.649"/>
</iter>
<iter>
<var name="${element}">&lt;selenium.webdriver.remote.webelement.WebElement (session="927b4a1f1ab9767d42e76908c2ef9e36", element="058e6234-c67a-4593-806e-8bedcb1219e7")&gt;</var>
<kw name="Log" library="BuiltIn">
<arg>${element.text}</arg>
<doc>Logs the given message with the given level.</doc>
<msg timestamp="20230102 09:43:45.656" level="INFO">Blackberry</msg>
<status status="PASS" starttime="20230102 09:43:45.649" endtime="20230102 09:43:45.656"/>
</kw>
<kw name="Append To List" library="Collections">
<arg>${actualList}</arg>
<arg>${element.text}</arg>
<doc>Adds ``values`` to the end of ``list``.</doc>
<status status="PASS" starttime="20230102 09:43:45.656" endtime="20230102 09:43:45.663"/>
</kw>
<status status="PASS" starttime="20230102 09:43:45.649" endtime="20230102 09:43:45.663"/>
</iter>
<status status="PASS" starttime="20230102 09:43:45.603" endtime="20230102 09:43:45.663"/>
</for>
<kw name="Lists Should Be Equal" library="Collections">
<arg>${expectedList}</arg>
<arg>${actualList}</arg>
<doc>Fails if given lists are unequal.</doc>
<status status="PASS" starttime="20230102 09:43:45.663" endtime="20230102 09:43:45.663"/>
</kw>
<status status="PASS" starttime="20230102 09:43:45.594" endtime="20230102 09:43:45.663"/>
</kw>
<kw name="Close Browser Session" library="resource" type="TEARDOWN">
<kw name="Close Browser" library="SeleniumLibrary">
<doc>Closes the current browser.</doc>
<status status="PASS" starttime="20230102 09:43:45.664" endtime="20230102 09:43:47.972"/>
</kw>
<status status="PASS" starttime="20230102 09:43:45.663" endtime="20230102 09:43:47.972"/>
</kw>
<status status="PASS" starttime="20230102 09:43:38.003" endtime="20230102 09:43:47.973"/>
</test>
<doc>To validate the Login form</doc>
<status status="PASS" starttime="20230102 09:43:37.758" endtime="20230102 09:43:47.976"/>
</suite>
<statistics>
<total>
<stat pass="1" fail="0" skip="0">All Tests</stat>
</total>
<tag>
</tag>
<suite>
<stat pass="1" fail="0" skip="0" id="s1" name="testDemo2">testDemo2</stat>
</suite>
</statistics>
<errors>
</errors>
</robot>
