<?xml version="1.0" encoding="UTF-8"?>
<robot generator="Robot 6.0.1 (Python 3.11.1 on win32)" generated="20230102 15:08:13.351" rpa="false" schemaversion="3">
<suite id="s1" name="testDemo2" source="C:\Users\dti Digital\PycharmProjects\robotFramework\tests\testDemo2.robot">
<test id="s1-t1" name="Validate Cards display in the Shopping Page" line="26">
<kw name="Open the browser with the Mortgage payment url" library="resource" type="SETUP">
<kw name="Create Webdriver" library="SeleniumLibrary">
<arg>Chrome</arg>
<arg>executable_path=./webdriver/chrome/chromedriver.exe</arg>
<doc>Creates an instance of Selenium WebDriver.</doc>
<msg timestamp="20230102 15:08:13.635" level="INFO">Creating an instance of the Chrome WebDriver.</msg>
<status status="PASS" starttime="20230102 15:08:13.635" endtime="20230102 15:08:14.844"/>
</kw>
<kw name="Go To" library="SeleniumLibrary">
<arg>${url}</arg>
<doc>Navigates the current browser window to the provided ``url``.</doc>
<msg timestamp="20230102 15:08:14.845" level="INFO">Opening url 'https://rahulshettyacademy.com/loginpagePractise/'</msg>
<status status="PASS" starttime="20230102 15:08:14.845" endtime="20230102 15:08:16.581"/>
</kw>
<status status="PASS" starttime="20230102 15:08:13.635" endtime="20230102 15:08:16.581"/>
</kw>
<kw name="Fill the login Form">
<arg>${user_name}</arg>
<arg>${valid_password}</arg>
<kw name="Input Text" library="SeleniumLibrary">
<arg>id:username</arg>
<arg>${username}</arg>
<doc>Types the given ``text`` into the text field identified by ``locator``.</doc>
<msg timestamp="20230102 15:08:16.583" level="INFO">Typing text 'rahulshettyacademy' into text field 'id:username'.</msg>
<status status="PASS" starttime="20230102 15:08:16.582" endtime="20230102 15:08:16.666"/>
</kw>
<kw name="Input Password" library="SeleniumLibrary">
<arg>id:password</arg>
<arg>${password}</arg>
<doc>Types the given password into the text field identified by ``locator``.</doc>
<msg timestamp="20230102 15:08:16.667" level="INFO">Typing password into text field 'id:password'.</msg>
<msg timestamp="20230102 15:08:16.703" level="INFO">Temporally setting log level to: NONE</msg>
<msg timestamp="20230102 15:08:16.746" level="INFO">Log level changed from NONE to INFO.</msg>
<status status="PASS" starttime="20230102 15:08:16.666" endtime="20230102 15:08:16.746"/>
</kw>
<kw name="Click Button" library="SeleniumLibrary">
<arg>signInBtn</arg>
<doc>Clicks the button identified by ``locator``.</doc>
<msg timestamp="20230102 15:08:16.747" level="INFO">Clicking button 'signInBtn'.</msg>
<status status="PASS" starttime="20230102 15:08:16.747" endtime="20230102 15:08:16.844"/>
</kw>
<status status="PASS" starttime="20230102 15:08:16.582" endtime="20230102 15:08:16.844"/>
</kw>
<kw name="Wait until it Element is located in the page">
<arg>${Shop_Page_Load}</arg>
<kw name="Wait Until Element Is Visible" library="SeleniumLibrary">
<arg>${element}</arg>
<doc>Waits until the element ``locator`` is visible.</doc>
<status status="PASS" starttime="20230102 15:08:16.845" endtime="20230102 15:08:22.167"/>
</kw>
<status status="PASS" starttime="20230102 15:08:16.845" endtime="20230102 15:08:22.167"/>
</kw>
<kw name="Verify Card Titles In The Shop Page">
<kw name="Create List" library="BuiltIn">
<var>@{expectedList}</var>
<arg>iphone X</arg>
<arg>Samsung Note 8</arg>
<arg>Nokia Edge</arg>
<arg>Blackberry</arg>
<doc>Returns a list containing given items.</doc>
<msg timestamp="20230102 15:08:22.168" level="INFO">@{expectedList} = [ iphone X | Samsung Note 8 | Nokia Edge | Blackberry ]</msg>
<status status="PASS" starttime="20230102 15:08:22.168" endtime="20230102 15:08:22.168"/>
</kw>
<kw name="Get WebElements" library="SeleniumLibrary">
<var>${elements}</var>
<arg>css:.card-title</arg>
<doc>Returns a list of WebElement objects matching the ``locator``.</doc>
<msg timestamp="20230102 15:08:22.177" level="INFO">${elements} = [&lt;selenium.webdriver.remote.webelement.WebElement (session="d1ddf08dcd307f4287ddfbc70d610c93", element="2130755f-8bd1-41ad-9c44-10466e602405")&gt;, &lt;selenium.webdriver.remote.webelement.WebElement (sessi...</msg>
<status status="PASS" starttime="20230102 15:08:22.168" endtime="20230102 15:08:22.177"/>
</kw>
<kw name="Create List" library="BuiltIn">
<var>@{actualList}</var>
<doc>Returns a list containing given items.</doc>
<msg timestamp="20230102 15:08:22.177" level="INFO">@{actualList} = [ ]</msg>
<status status="PASS" starttime="20230102 15:08:22.177" endtime="20230102 15:08:22.177"/>
</kw>
<for flavor="IN">
<var>${element}</var>
<value>@{elements}</value>
<iter>
<var name="${element}">&lt;selenium.webdriver.remote.webelement.WebElement (session="d1ddf08dcd307f4287ddfbc70d610c93", element="2130755f-8bd1-41ad-9c44-10466e602405")&gt;</var>
<kw name="Log" library="BuiltIn">
<arg>${element.text}</arg>
<doc>Logs the given message with the given level.</doc>
<msg timestamp="20230102 15:08:22.189" level="INFO">iphone X</msg>
<status status="PASS" starttime="20230102 15:08:22.178" endtime="20230102 15:08:22.189"/>
</kw>
<kw name="Append To List" library="Collections">
<arg>${actualList}</arg>
<arg>${element.text}</arg>
<doc>Adds ``values`` to the end of ``list``.</doc>
<status status="PASS" starttime="20230102 15:08:22.189" endtime="20230102 15:08:22.194"/>
</kw>
<status status="PASS" starttime="20230102 15:08:22.177" endtime="20230102 15:08:22.194"/>
</iter>
<iter>
<var name="${element}">&lt;selenium.webdriver.remote.webelement.WebElement (session="d1ddf08dcd307f4287ddfbc70d610c93", element="0cc115bd-d53d-4518-abc2-6ca04773b260")&gt;</var>
<kw name="Log" library="BuiltIn">
<arg>${element.text}</arg>
<doc>Logs the given message with the given level.</doc>
<msg timestamp="20230102 15:08:22.203" level="INFO">Samsung Note 8</msg>
<status status="PASS" starttime="20230102 15:08:22.195" endtime="20230102 15:08:22.203"/>
</kw>
<kw name="Append To List" library="Collections">
<arg>${actualList}</arg>
<arg>${element.text}</arg>
<doc>Adds ``values`` to the end of ``list``.</doc>
<status status="PASS" starttime="20230102 15:08:22.203" endtime="20230102 15:08:22.209"/>
</kw>
<status status="PASS" starttime="20230102 15:08:22.194" endtime="20230102 15:08:22.209"/>
</iter>
<iter>
<var name="${element}">&lt;selenium.webdriver.remote.webelement.WebElement (session="d1ddf08dcd307f4287ddfbc70d610c93", element="e49f2d19-c586-418f-bdae-84cc44856773")&gt;</var>
<kw name="Log" library="BuiltIn">
<arg>${element.text}</arg>
<doc>Logs the given message with the given level.</doc>
<msg timestamp="20230102 15:08:22.220" level="INFO">Nokia Edge</msg>
<status status="PASS" starttime="20230102 15:08:22.209" endtime="20230102 15:08:22.220"/>
</kw>
<kw name="Append To List" library="Collections">
<arg>${actualList}</arg>
<arg>${element.text}</arg>
<doc>Adds ``values`` to the end of ``list``.</doc>
<status status="PASS" starttime="20230102 15:08:22.220" endtime="20230102 15:08:22.227"/>
</kw>
<status status="PASS" starttime="20230102 15:08:22.209" endtime="20230102 15:08:22.227"/>
</iter>
<iter>
<var name="${element}">&lt;selenium.webdriver.remote.webelement.WebElement (session="d1ddf08dcd307f4287ddfbc70d610c93", element="a5deba59-68cd-4621-9d97-be06da44da05")&gt;</var>
<kw name="Log" library="BuiltIn">
<arg>${element.text}</arg>
<doc>Logs the given message with the given level.</doc>
<msg timestamp="20230102 15:08:22.238" level="INFO">Blackberry</msg>
<status status="PASS" starttime="20230102 15:08:22.228" endtime="20230102 15:08:22.238"/>
</kw>
<kw name="Append To List" library="Collections">
<arg>${actualList}</arg>
<arg>${element.text}</arg>
<doc>Adds ``values`` to the end of ``list``.</doc>
<status status="PASS" starttime="20230102 15:08:22.238" endtime="20230102 15:08:22.245"/>
</kw>
<status status="PASS" starttime="20230102 15:08:22.227" endtime="20230102 15:08:22.246"/>
</iter>
<status status="PASS" starttime="20230102 15:08:22.177" endtime="20230102 15:08:22.246"/>
</for>
<kw name="Lists Should Be Equal" library="Collections">
<arg>${expectedList}</arg>
<arg>${actualList}</arg>
<doc>Fails if given lists are unequal.</doc>
<status status="PASS" starttime="20230102 15:08:22.246" endtime="20230102 15:08:22.246"/>
</kw>
<status status="PASS" starttime="20230102 15:08:22.168" endtime="20230102 15:08:22.246"/>
</kw>
<kw name="Select The Card">
<arg>Nokia Edge</arg>
<kw name="Get WebElements" library="SeleniumLibrary">
<var>${elements}</var>
<arg>css:.card-title</arg>
<doc>Returns a list of WebElement objects matching the ``locator``.</doc>
<msg timestamp="20230102 15:08:22.252" level="INFO">${elements} = [&lt;selenium.webdriver.remote.webelement.WebElement (session="d1ddf08dcd307f4287ddfbc70d610c93", element="2130755f-8bd1-41ad-9c44-10466e602405")&gt;, &lt;selenium.webdriver.remote.webelement.WebElement (sessi...</msg>
<status status="PASS" starttime="20230102 15:08:22.246" endtime="20230102 15:08:22.252"/>
</kw>
<kw name="Set Variable" library="BuiltIn">
<var>${index}</var>
<arg>0</arg>
<doc>Returns the given values which can then be assigned to a variables.</doc>
<msg timestamp="20230102 15:08:22.252" level="INFO">${index} = 0</msg>
<status status="PASS" starttime="20230102 15:08:22.252" endtime="20230102 15:08:22.252"/>
</kw>
<for flavor="IN">
<var>${element}</var>
<value>@{elements}</value>
<iter>
<var name="${element}">&lt;selenium.webdriver.remote.webelement.WebElement (session="d1ddf08dcd307f4287ddfbc70d610c93", element="2130755f-8bd1-41ad-9c44-10466e602405")&gt;</var>
<kw name="Exit For Loop If" library="BuiltIn">
<arg>'${cardName}' == '${element.text}'</arg>
<doc>Stops executing the enclosing FOR loop if the ``condition`` is true.</doc>
<status status="PASS" starttime="20230102 15:08:22.253" endtime="20230102 15:08:22.260"/>
</kw>
<kw name="Evaluate" library="BuiltIn">
<var>${index}</var>
<arg>${index} + 1</arg>
<doc>Evaluates the given expression in Python and returns the result.</doc>
<msg timestamp="20230102 15:08:22.260" level="INFO">${index} = 1</msg>
<status status="PASS" starttime="20230102 15:08:22.260" endtime="20230102 15:08:22.260"/>
</kw>
<status status="PASS" starttime="20230102 15:08:22.253" endtime="20230102 15:08:22.260"/>
</iter>
<iter>
<var name="${element}">&lt;selenium.webdriver.remote.webelement.WebElement (session="d1ddf08dcd307f4287ddfbc70d610c93", element="0cc115bd-d53d-4518-abc2-6ca04773b260")&gt;</var>
<kw name="Exit For Loop If" library="BuiltIn">
<arg>'${cardName}' == '${element.text}'</arg>
<doc>Stops executing the enclosing FOR loop if the ``condition`` is true.</doc>
<status status="PASS" starttime="20230102 15:08:22.260" endtime="20230102 15:08:22.267"/>
</kw>
<kw name="Evaluate" library="BuiltIn">
<var>${index}</var>
<arg>${index} + 1</arg>
<doc>Evaluates the given expression in Python and returns the result.</doc>
<msg timestamp="20230102 15:08:22.268" level="INFO">${index} = 2</msg>
<status status="PASS" starttime="20230102 15:08:22.268" endtime="20230102 15:08:22.268"/>
</kw>
<status status="PASS" starttime="20230102 15:08:22.260" endtime="20230102 15:08:22.268"/>
</iter>
<iter>
<var name="${element}">&lt;selenium.webdriver.remote.webelement.WebElement (session="d1ddf08dcd307f4287ddfbc70d610c93", element="e49f2d19-c586-418f-bdae-84cc44856773")&gt;</var>
<kw name="Exit For Loop If" library="BuiltIn">
<arg>'${cardName}' == '${element.text}'</arg>
<doc>Stops executing the enclosing FOR loop if the ``condition`` is true.</doc>
<msg timestamp="20230102 15:08:22.275" level="INFO">Exiting for loop altogether.</msg>
<status status="PASS" starttime="20230102 15:08:22.268" endtime="20230102 15:08:22.275"/>
</kw>
<kw name="Evaluate" library="BuiltIn">
<var>${index}</var>
<arg>${index} + 1</arg>
<doc>Evaluates the given expression in Python and returns the result.</doc>
<status status="NOT RUN" starttime="20230102 15:08:22.275" endtime="20230102 15:08:22.275"/>
</kw>
<status status="PASS" starttime="20230102 15:08:22.268" endtime="20230102 15:08:22.275"/>
</iter>
<status status="PASS" starttime="20230102 15:08:22.252" endtime="20230102 15:08:22.275"/>
</for>
<kw name="Click Button" library="SeleniumLibrary">
<arg>xpath:(//*[@class='card-footer'])[${index}]/button[@class='btn btn-info']</arg>
<doc>Clicks the button identified by ``locator``.</doc>
<msg timestamp="20230102 15:08:22.276" level="INFO">Clicking button 'xpath:(//*[@class='card-footer'])[2]/button[@class='btn btn-info']'.</msg>
<status status="PASS" starttime="20230102 15:08:22.275" endtime="20230102 15:08:22.325"/>
</kw>
<status status="PASS" starttime="20230102 15:08:22.246" endtime="20230102 15:08:22.325"/>
</kw>
<kw name="Close Browser Session" library="resource" type="TEARDOWN">
<kw name="Close Browser" library="SeleniumLibrary">
<doc>Closes the current browser.</doc>
<status status="PASS" starttime="20230102 15:08:22.326" endtime="20230102 15:08:24.649"/>
</kw>
<status status="PASS" starttime="20230102 15:08:22.325" endtime="20230102 15:08:24.649"/>
</kw>
<status status="PASS" starttime="20230102 15:08:13.635" endtime="20230102 15:08:24.649"/>
</test>
<test id="s1-t2" name="Select The Form And Navigate To Child Window" line="32">
<kw name="Open the browser with the Mortgage payment url" library="resource" type="SETUP">
<kw name="Create Webdriver" library="SeleniumLibrary">
<arg>Chrome</arg>
<arg>executable_path=./webdriver/chrome/chromedriver.exe</arg>
<doc>Creates an instance of Selenium WebDriver.</doc>
<msg timestamp="20230102 15:08:24.651" level="INFO">Creating an instance of the Chrome WebDriver.</msg>
<status status="PASS" starttime="20230102 15:08:24.651" endtime="20230102 15:08:25.867"/>
</kw>
<kw name="Go To" library="SeleniumLibrary">
<arg>${url}</arg>
<doc>Navigates the current browser window to the provided ``url``.</doc>
<msg timestamp="20230102 15:08:25.867" level="INFO">Opening url 'https://rahulshettyacademy.com/loginpagePractise/'</msg>
<status status="PASS" starttime="20230102 15:08:25.867" endtime="20230102 15:08:27.053"/>
</kw>
<status status="PASS" starttime="20230102 15:08:24.651" endtime="20230102 15:08:27.053"/>
</kw>
<kw name="Fill The Login Details And Select The User Option">
<arg>${user_name}</arg>
<arg>${valid_password}</arg>
<kw name="Input Text" library="SeleniumLibrary">
<arg>id:username</arg>
<arg>${username}</arg>
<doc>Types the given ``text`` into the text field identified by ``locator``.</doc>
<msg timestamp="20230102 15:08:27.054" level="INFO">Typing text 'rahulshettyacademy' into text field 'id:username'.</msg>
<status status="PASS" starttime="20230102 15:08:27.054" endtime="20230102 15:08:27.134"/>
</kw>
<kw name="Input Password" library="SeleniumLibrary">
<arg>id:password</arg>
<arg>${password}</arg>
<doc>Types the given password into the text field identified by ``locator``.</doc>
<msg timestamp="20230102 15:08:27.134" level="INFO">Typing password into text field 'id:password'.</msg>
<msg timestamp="20230102 15:08:27.167" level="INFO">Temporally setting log level to: NONE</msg>
<msg timestamp="20230102 15:08:27.209" level="INFO">Log level changed from NONE to INFO.</msg>
<status status="PASS" starttime="20230102 15:08:27.134" endtime="20230102 15:08:27.210"/>
</kw>
<kw name="Click Element" library="SeleniumLibrary">
<arg>css:input[value='user']</arg>
<doc>Click the element identified by ``locator``.</doc>
<msg timestamp="20230102 15:08:27.210" level="INFO">Clicking element 'css:input[value='user']'.</msg>
<status status="PASS" starttime="20230102 15:08:27.210" endtime="20230102 15:08:27.257"/>
</kw>
<kw name="Wait Until Element Is Visible" library="SeleniumLibrary">
<arg>okayBtn</arg>
<doc>Waits until the element ``locator`` is visible.</doc>
<status status="PASS" starttime="20230102 15:08:27.258" endtime="20230102 15:08:27.490"/>
</kw>
<kw name="Double Click Element" library="SeleniumLibrary">
<arg>id:okayBtn</arg>
<doc>Double clicks the element identified by ``locator``.</doc>
<msg timestamp="20230102 15:08:27.490" level="INFO">Double clicking element 'id:okayBtn'.</msg>
<status status="PASS" starttime="20230102 15:08:27.490" endtime="20230102 15:08:27.776"/>
</kw>
<kw name="Wait Until Element Is Not Visible" library="SeleniumLibrary">
<arg>okayBtn</arg>
<doc>Waits until the element ``locator`` is not visible.</doc>
<status status="PASS" starttime="20230102 15:08:27.776" endtime="20230102 15:08:28.003"/>
</kw>
<kw name="Select From List By Value" library="SeleniumLibrary">
<arg>css:select.form-control</arg>
<arg>teach</arg>
<doc>Selects options from selection list ``locator`` by ``values``.</doc>
<msg timestamp="20230102 15:08:28.003" level="INFO">Selecting options from selection list 'css:select.form-control' by value teach.</msg>
<status status="PASS" starttime="20230102 15:08:28.003" endtime="20230102 15:08:28.063"/>
</kw>
<status status="PASS" starttime="20230102 15:08:27.054" endtime="20230102 15:08:28.063"/>
</kw>
<kw name="Close Browser Session" library="resource" type="TEARDOWN">
<kw name="Close Browser" library="SeleniumLibrary">
<doc>Closes the current browser.</doc>
<status status="PASS" starttime="20230102 15:08:28.063" endtime="20230102 15:08:30.386"/>
</kw>
<status status="PASS" starttime="20230102 15:08:28.063" endtime="20230102 15:08:30.386"/>
</kw>
<status status="PASS" starttime="20230102 15:08:24.650" endtime="20230102 15:08:30.386"/>
</test>
<doc>To validate the Login form</doc>
<status status="PASS" starttime="20230102 15:08:13.354" endtime="20230102 15:08:30.387"/>
</suite>
<statistics>
<total>
<stat pass="2" fail="0" skip="0">All Tests</stat>
</total>
<tag>
</tag>
<suite>
<stat pass="2" fail="0" skip="0" id="s1" name="testDemo2">testDemo2</stat>
</suite>
</statistics>
<errors>
</errors>
</robot>
